# JRE version: OpenJDK Runtime Environment Temurin-21.0.5+11 (21.0.5+11) (build 21.0.5+11-LTS)
# Java VM: OpenJDK 64-Bit Server VM Temurin-21.0.5+11 (21.0.5+11-LTS, mixed mode, sharing, tiered, compressed oops, compressed class ptrs, g1 gc, windows-amd64)
GC Precious Log:
 CardTable entry size: 512
 Card Set container configuration: InlinePtr #cards 4 size 8 Array Of Cards #cards 32 size 80 Howl #buckets 8 coarsen threshold 7372 Howl Bitmap #cards 1024 size 144 coarsen threshold 921 Card regions per heap region 1 cards per card region 8192
 CPUs: 22 total, 22 available
 Memory: 32469M
 Large Page Support: Disabled
 NUMA Support: Disabled
 Compressed Oops: Enabled (Zero based)
 Heap Region Size: 4M
 Heap Min Capacity: 812M
 Heap Initial Capacity: 812M
 Heap Max Capacity: 6G
 Pre-touch: Disabled
 Parallel Workers: 4
 Concurrent Workers: 1
 Concurrent Refinement Workers: 4
 Periodic GC: Disabled
 String Deduplication is enabled
Heap:
 garbage-first heap   total 831488K, used 75465K [0x0000000680000000, 0x0000000800000000)
  region size 4096K, 1 young (4096K), 0 survivors (0K)
 Metaspace       used 59502K, committed 59968K, reserved 1114112K
  class space    used 7683K, committed 7872K, reserved 1048576K
GC Heap History (20 events):
Event: 4.436 GC heap before
{Heap before GC invocations=0 (full 0):
 garbage-first heap   total 831488K, used 81920K [0x0000000680000000, 0x0000000800000000)
  region size 4096K, 20 young (81920K), 0 survivors (0K)
 Metaspace       used 17139K, committed 17344K, reserved 1114112K
  class space    used 1587K, committed 1664K, reserved 1048576K
}
Event: 4.452 GC heap after
{Heap after GC invocations=1 (full 0):
 garbage-first heap   total 831488K, used 20992K [0x0000000680000000, 0x0000000800000000)
  region size 4096K, 3 young (12288K), 3 survivors (12288K)
 Metaspace       used 17139K, committed 17344K, reserved 1114112K
  class space    used 1587K, committed 1664K, reserved 1048576K
}
Event: 4.898 GC heap before
{Heap before GC invocations=1 (full 0):
 garbage-first heap   total 831488K, used 90624K [0x0000000680000000, 0x0000000800000000)
  region size 4096K, 20 young (81920K), 3 survivors (12288K)
 Metaspace       used 17666K, committed 17856K, reserved 1114112K
  class space    used 1628K, committed 1728K, reserved 1048576K
}
Event: 4.909 GC heap after
{Heap after GC invocations=2 (full 0):
 garbage-first heap   total 831488K, used 25099K [0x0000000680000000, 0x0000000800000000)
  region size 4096K, 1 young (4096K), 1 survivors (4096K)
 Metaspace       used 17666K, committed 17856K, reserved 1114112K
  class space    used 1628K, committed 1728K, reserved 1048576K
}
Event: 5.204 GC heap before
{Heap before GC invocations=2 (full 0):
 garbage-first heap   total 831488K, used 102923K [0x0000000680000000, 0x0000000800000000)
  region size 4096K, 20 young (81920K), 1 survivors (4096K)
 Metaspace       used 19373K, committed 19584K, reserved 1114112K
  class space    used 1861K, committed 1984K, reserved 1048576K
}
Event: 5.209 GC heap after
{Heap after GC invocations=3 (full 0):
 garbage-first heap   total 831488K, used 25378K [0x0000000680000000, 0x0000000800000000)
  region size 4096K, 1 young (4096K), 1 survivors (4096K)
 Metaspace       used 19373K, committed 19584K, reserved 1114112K
  class space    used 1861K, committed 1984K, reserved 1048576K
}
Event: 5.498 GC heap before
{Heap before GC invocations=3 (full 0):
 garbage-first heap   total 831488K, used 41762K [0x0000000680000000, 0x0000000800000000)
  region size 4096K, 5 young (20480K), 1 survivors (4096K)
 Metaspace       used 21254K, committed 21504K, reserved 1114112K
  class space    used 2162K, committed 2304K, reserved 1048576K
}
Event: 5.502 GC heap after
{Heap after GC invocations=4 (full 0):
 garbage-first heap   total 831488K, used 26443K [0x0000000680000000, 0x0000000800000000)
  region size 4096K, 2 young (8192K), 2 survivors (8192K)
 Metaspace       used 21254K, committed 21504K, reserved 1114112K
  class space    used 2162K, committed 2304K, reserved 1048576K
}
Event: 9.087 GC heap before
{Heap before GC invocations=5 (full 0):
 garbage-first heap   total 831488K, used 137035K [0x0000000680000000, 0x0000000800000000)
  region size 4096K, 19 young (77824K), 2 survivors (8192K)
 Metaspace       used 35845K, committed 36096K, reserved 1114112K
  class space    used 3912K, committed 4032K, reserved 1048576K
}
Event: 9.096 GC heap after
{Heap after GC invocations=6 (full 0):
 garbage-first heap   total 831488K, used 48910K [0x0000000680000000, 0x0000000800000000)
  region size 4096K, 3 young (12288K), 3 survivors (12288K)
 Metaspace       used 35845K, committed 36096K, reserved 1114112K
  class space    used 3912K, committed 4032K, reserved 1048576K
}
Event: 9.125 GC heap before
{Heap before GC invocations=6 (full 0):
 garbage-first heap   total 831488K, used 48910K [0x0000000680000000, 0x0000000800000000)
  region size 4096K, 4 young (16384K), 3 survivors (12288K)
 Metaspace       used 36183K, committed 36416K, reserved 1114112K
  class space    used 3985K, committed 4096K, reserved 1048576K
}
Event: 9.131 GC heap after
{Heap after GC invocations=7 (full 0):
 garbage-first heap   total 831488K, used 47845K [0x0000000680000000, 0x0000000800000000)
  region size 4096K, 1 young (4096K), 1 survivors (4096K)
 Metaspace       used 36183K, committed 36416K, reserved 1114112K
  class space    used 3985K, committed 4096K, reserved 1048576K
}
Event: 9.148 GC heap before
{Heap before GC invocations=7 (full 0):
 garbage-first heap   total 831488K, used 47845K [0x0000000680000000, 0x0000000800000000)
  region size 4096K, 2 young (8192K), 1 survivors (4096K)
 Metaspace       used 36540K, committed 36736K, reserved 1114112K
  class space    used 4071K, committed 4160K, reserved 1048576K
}
Event: 9.149 GC heap after
{Heap after GC invocations=8 (full 0):
 garbage-first heap   total 831488K, used 46812K [0x0000000680000000, 0x0000000800000000)
  region size 4096K, 1 young (4096K), 1 survivors (4096K)
 Metaspace       used 36540K, committed 36736K, reserved 1114112K
  class space    used 4071K, committed 4160K, reserved 1048576K
}
Event: 12.242 GC heap before
{Heap before GC invocations=9 (full 0):
 garbage-first heap   total 831488K, used 120540K [0x0000000680000000, 0x0000000800000000)
  region size 4096K, 20 young (81920K), 1 survivors (4096K)
 Metaspace       used 46207K, committed 46592K, reserved 1114112K
  class space    used 5583K, committed 5760K, reserved 1048576K
}
Event: 12.252 GC heap after
{Heap after GC invocations=10 (full 0):
 garbage-first heap   total 831488K, used 57349K [0x0000000680000000, 0x0000000800000000)
  region size 4096K, 3 young (12288K), 3 survivors (12288K)
 Metaspace       used 46207K, committed 46592K, reserved 1114112K
  class space    used 5583K, committed 5760K, reserved 1048576K
}
Event: 14.404 GC heap before
{Heap before GC invocations=10 (full 0):
 garbage-first heap   total 831488K, used 126981K [0x0000000680000000, 0x0000000800000000)
  region size 4096K, 20 young (81920K), 3 survivors (12288K)
 Metaspace       used 51197K, committed 51584K, reserved 1114112K
  class space    used 6492K, committed 6656K, reserved 1048576K
}
Event: 14.417 GC heap after
{Heap after GC invocations=11 (full 0):
 garbage-first heap   total 831488K, used 59397K [0x0000000680000000, 0x0000000800000000)
  region size 4096K, 3 young (12288K), 3 survivors (12288K)
 Metaspace       used 51197K, committed 51584K, reserved 1114112K
  class space    used 6492K, committed 6656K, reserved 1048576K
}
Event: 16.738 GC heap before
{Heap before GC invocations=11 (full 0):
 garbage-first heap   total 831488K, used 137221K [0x0000000680000000, 0x0000000800000000)
  region size 4096K, 20 young (81920K), 3 survivors (12288K)
 Metaspace       used 57276K, committed 57728K, reserved 1114112K
  class space    used 7406K, committed 7616K, reserved 1048576K
}
Event: 16.752 GC heap after
{Heap after GC invocations=12 (full 0):
 garbage-first heap   total 831488K, used 83271K [0x0000000680000000, 0x0000000800000000)
  region size 4096K, 3 young (12288K), 3 survivors (12288K)
 Metaspace       used 57276K, committed 57728K, reserved 1114112K
  class space    used 7406K, committed 7616K, reserved 1048576K
}

